[      34ms] [LOG] Cookie changed :: @ https://static.zohocdn.com/creator/appbuilder/js/es6/creator.619501a1e93b2f29d83c982cd48d9cb3.js:485
[    1947ms] [LOG] %cSTOP! color:red;font-size:xx-large;font-weight:bold; @ https://static.zohocdn.com/creator/zcs1/js/security.f0965e5f3f23e42845574992265b316c.js:0
[    1947ms] [LOG] %cThis is a browser feature intended for developers. Do not enter or paste code which you don't understand. It may allow attackers to steal your information or impersonate you.
See https://en.wikipedia.org/wiki/Self-XSS for more details font-size:large; @ https://static.zohocdn.com/creator/zcs1/js/security.f0965e5f3f23e42845574992265b316c.js:0
[    1970ms] [ERROR] Error: <svg> attribute viewBox: Expected number, "0 0 100% 100%". @ https://creatorapp.zoho.com/achyutmenont0_zohotest/continental-group/#Page:Dashboard:6840
[    1971ms] [ERROR] Error: <svg> attribute viewBox: Expected number, "0 0 100% 100%". @ https://creatorapp.zoho.com/achyutmenont0_zohotest/continental-group/#Page:Dashboard:6911
[    2309ms] [ERROR] Failed to load resource: the server responded with a status of 404 () @ https://creatorapp.zoho.com/zohocreator/app/common/images/noise.png:0
[    3025ms] [WARNING] An iframe which has both allow-scripts and allow-same-origin for its sandbox attribute can escape its sandboxing. @ https://static.zohocdn.com/micsinproduct/13019727/inproductsdk.js:493
[    3277ms] [ERROR] Failed to load resource: the server responded with a status of 404 () @ https://creatorapp.zoho.com/zohocreator/app/common/images/noise.png:0
[    3853ms] [ERROR] Failed to load resource: the server responded with a status of 404 () @ https://creatorapp.zoho.com/zohocreator/app/common/images/noise.png:0
[   13453ms] [ERROR] Failed to load resource: the server responded with a status of 404 () @ https://creatorapp.zoho.com/zohocreator/app/common/images/noise.png:0
[   20314ms] [LOG] %cSTOP! color:red;font-size:xx-large;font-weight:bold; @ https://static.zohocdn.com/creator/zcs1/js/security.f0965e5f3f23e42845574992265b316c.js:0
[   20314ms] [LOG] %cThis is a browser feature intended for developers. Do not enter or paste code which you don't understand. It may allow attackers to steal your information or impersonate you.
See https://en.wikipedia.org/wiki/Self-XSS for more details font-size:large; @ https://static.zohocdn.com/creator/zcs1/js/security.f0965e5f3f23e42845574992265b316c.js:0
[   20557ms] [ERROR] Error: <svg> attribute viewBox: Expected number, "0 0 100% 100%". @ https://creatorapp.zoho.com/achyutmenont0_zohotest/continental-group/#Page:Dashboard:6840
[   20557ms] [ERROR] Error: <svg> attribute viewBox: Expected number, "0 0 100% 100%". @ https://creatorapp.zoho.com/achyutmenont0_zohotest/continental-group/#Page:Dashboard:6911
[   20918ms] [ERROR] Failed to load resource: the server responded with a status of 404 () @ https://creatorapp.zoho.com/zohocreator/app/common/images/noise.png:0
[   21065ms] [WARNING] An iframe which has both allow-scripts and allow-same-origin for its sandbox attribute can escape its sandboxing. @ https://static.zohocdn.com/micsinproduct/13019727/inproductsdk.js:493
[   21299ms] [ERROR] Failed to load resource: the server responded with a status of 404 () @ https://creatorapp.zoho.com/zohocreator/app/common/images/noise.png:0
[   21776ms] [ERROR] Failed to load resource: the server responded with a status of 404 () @ https://creatorapp.zoho.com/zohocreator/app/common/images/noise.png:0
[   36218ms] [ERROR] Failed to load resource: the server responded with a status of 404 () @ https://creatorapp.zoho.com/zohocreator/app/common/images/noise.png:0
[   71855ms] [LOG] %cSTOP! color:red;font-size:xx-large;font-weight:bold; @ https://static.zohocdn.com/creator/zcs1/js/security.f0965e5f3f23e42845574992265b316c.js:0
[   71855ms] [LOG] %cThis is a browser feature intended for developers. Do not enter or paste code which you don't understand. It may allow attackers to steal your information or impersonate you.
See https://en.wikipedia.org/wiki/Self-XSS for more details font-size:large; @ https://static.zohocdn.com/creator/zcs1/js/security.f0965e5f3f23e42845574992265b316c.js:0
[   71903ms] [LOG] Cookie changed :: @ https://static.zohocdn.com/creator/appbuilder/js/es6/creator.619501a1e93b2f29d83c982cd48d9cb3.js:485
[   71905ms] [LOG] Cookie changed :: @ https://static.zohocdn.com/creator/appbuilder/js/es6/creator.619501a1e93b2f29d83c982cd48d9cb3.js:485
[   71949ms] [WARNING] An iframe which has both allow-scripts and allow-same-origin for its sandbox attribute can escape its sandboxing. @ https://static.zohocdn.com/micsinproduct/13019727/inproductsdk.js:493
[   71956ms] [LOG] Cookie changed :: @ https://static.zohocdn.com/creator/appbuilder/js/es6/creator.619501a1e93b2f29d83c982cd48d9cb3.js:485
[   73495ms] [LOG] %cSTOP! color:red;font-size:xx-large;font-weight:bold; @ https://static.zohocdn.com/creator/appbuilder/js/waf-security.min.ec8e405310044074db71b3b71a0b195e.js:95
[   73495ms] [LOG] %cThis is a browser feature intended for developers. Do not enter or paste code which you don't understand. It may allow attackers to steal your information or impersonate you.
See https://en.wikipedia.org/wiki/Self-XSS for more details font-size:large; @ https://static.zohocdn.com/creator/appbuilder/js/waf-security.min.ec8e405310044074db71b3b71a0b195e.js:96
[   73497ms] [LOG] %cSTOP! color:red;font-size:xx-large;font-weight:bold; @ https://static.zohocdn.com/creator/zcs1/js/security.f0965e5f3f23e42845574992265b316c.js:0
[   73497ms] [LOG] %cThis is a browser feature intended for developers. Do not enter or paste code which you don't understand. It may allow attackers to steal your information or impersonate you.
See https://en.wikipedia.org/wiki/Self-XSS for more details font-size:large; @ https://static.zohocdn.com/creator/zcs1/js/security.f0965e5f3f23e42845574992265b316c.js:0
[   73519ms] [ERROR] Error: <svg> attribute viewBox: Expected number, "0 0 100% 100%". @ https://creator.zoho.com/preview/achyutmenont0_zohotest/continental-group/?frameorigin=https://creator.zoho.com&isInitBuilder=true#Page:Dashboard:6721
[   73519ms] [ERROR] Error: <svg> attribute viewBox: Expected number, "0 0 100% 100%". @ https://creator.zoho.com/preview/achyutmenont0_zohotest/continental-group/?frameorigin=https://creator.zoho.com&isInitBuilder=true#Page:Dashboard:6792
[   73859ms] [ERROR] Failed to load resource: the server responded with a status of 404 () @ https://creator.zoho.com/preview/zohocreator/app/common/images/noise.png:0
[   74087ms] [LOG] Parent fing Loaded @ https://static.zohocdn.com/phonebridge/javascript/phonebridge.adde7b3b7c787f15206ae7e4adf6e4a9.js:0
[   74547ms] [ERROR] Failed to load resource: the server responded with a status of 404 () @ https://creator.zoho.com/preview/zohocreator/app/common/images/noise.png:0
[  108363ms] [LOG] Cookie changed :: @ https://static.zohocdn.com/creator/appbuilder/js/es6/creator.619501a1e93b2f29d83c982cd48d9cb3.js:485
[  145960ms] [LOG] Cookie changed :: @ https://static.zohocdn.com/creator/appbuilder/js/es6/creator.619501a1e93b2f29d83c982cd48d9cb3.js:485
[  147236ms] [LOG] Cookie changed :: @ https://static.zohocdn.com/creator/appbuilder/js/es6/creator.619501a1e93b2f29d83c982cd48d9cb3.js:485
[  147338ms] [LOG] Cookie changed :: @ https://static.zohocdn.com/creator/appbuilder/js/es6/creator.619501a1e93b2f29d83c982cd48d9cb3.js:485
[  148184ms] [LOG] Cookie changed :: @ https://static.zohocdn.com/creator/appbuilder/js/es6/creator.619501a1e93b2f29d83c982cd48d9cb3.js:485
[  148186ms] [LOG] Cookie changed :: @ https://static.zohocdn.com/creator/appbuilder/js/es6/creator.619501a1e93b2f29d83c982cd48d9cb3.js:485
[  148188ms] [LOG] Cookie changed :: @ https://static.zohocdn.com/creator/appbuilder/js/es6/creator.619501a1e93b2f29d83c982cd48d9cb3.js:485
[  148191ms] [LOG] Cookie changed :: @ https://static.zohocdn.com/creator/appbuilder/js/es6/creator.619501a1e93b2f29d83c982cd48d9cb3.js:485
[  152037ms] [ERROR] Access to font at 'https://static.zohocdn.com/creator/zcs1/fonts/zohopuvi/ZohoPuvi-Regular.woff2' from origin 'https://creator.zoho.com' has been blocked by CORS policy: No 'Access-Control-Allow-Origin' header is present on the requested resource. @ https://creator.zoho.com/appbuilder/achyutmenont0_zohotest/continental-group/pagebuilder/Dashboard/edit:0
[  152037ms] [ERROR] Failed to load resource: net::ERR_FAILED @ https://static.zohocdn.com/creator/zcs1/fonts/zohopuvi/ZohoPuvi-Regular.woff2:0
[  156612ms] [ERROR] Access to font at 'https://static.zohocdn.com/creator/zcs1/fonts/zohopuvi/ZohoPuvi-Regular.woff' from origin 'https://creator.zoho.com' has been blocked by CORS policy: No 'Access-Control-Allow-Origin' header is present on the requested resource. @ https://creator.zoho.com/appbuilder/achyutmenont0_zohotest/continental-group/pagebuilder/Dashboard/edit:0
[  156613ms] [ERROR] Failed to load resource: net::ERR_FAILED @ https://static.zohocdn.com/creator/zcs1/fonts/zohopuvi/ZohoPuvi-Regular.woff:0
[  157048ms] [ERROR] Access to font at 'https://static.zohocdn.com/creator/zcs1/fonts/zohopuvi/ZohoPuvi-Regular.ttf' from origin 'https://creator.zoho.com' has been blocked by CORS policy: No 'Access-Control-Allow-Origin' header is present on the requested resource. @ https://creator.zoho.com/appbuilder/achyutmenont0_zohotest/continental-group/pagebuilder/Dashboard/edit:0
[  157048ms] [ERROR] Failed to load resource: net::ERR_FAILED @ https://static.zohocdn.com/creator/zcs1/fonts/zohopuvi/ZohoPuvi-Regular.ttf:0
[  276059ms] [LOG] Cookie changed :: @ https://static.zohocdn.com/creator/appbuilder/js/es6/creator.619501a1e93b2f29d83c982cd48d9cb3.js:485
[  389796ms] [LOG] Cookie changed :: @ https://static.zohocdn.com/creator/appbuilder/js/es6/creator.619501a1e93b2f29d83c982cd48d9cb3.js:485
[  389798ms] [LOG] Cookie changed :: @ https://static.zohocdn.com/creator/appbuilder/js/es6/creator.619501a1e93b2f29d83c982cd48d9cb3.js:485
[  391719ms] [LOG] Cookie changed :: @ https://static.zohocdn.com/creator/appbuilder/js/es6/creator.619501a1e93b2f29d83c982cd48d9cb3.js:485
