[    1821ms] [LOG] %cSTOP! color:red;font-size:xx-large;font-weight:bold; @ https://static.zohocdn.com/creator/zcs1/js/security.f0965e5f3f23e42845574992265b316c.js:0
[    1821ms] [LOG] %cThis is a browser feature intended for developers. Do not enter or paste code which you don't understand. It may allow attackers to steal your information or impersonate you.
See https://en.wikipedia.org/wiki/Self-XSS for more details font-size:large; @ https://static.zohocdn.com/creator/zcs1/js/security.f0965e5f3f23e42845574992265b316c.js:0
[    2039ms] [ERROR] Error: <svg> attribute viewBox: Expected number, "0 0 100% 100%". @ https://creatorapp.zoho.com/achyutmenont0_zohotest/continental-group/#Page:Dashboard:6840
[    2039ms] [ERROR] Error: <svg> attribute viewBox: Expected number, "0 0 100% 100%". @ https://creatorapp.zoho.com/achyutmenont0_zohotest/continental-group/#Page:Dashboard:6911
[    2387ms] [ERROR] Failed to load resource: the server responded with a status of 404 () @ https://creatorapp.zoho.com/zohocreator/app/common/images/noise.png:0
[    2913ms] [WARNING] An iframe which has both allow-scripts and allow-same-origin for its sandbox attribute can escape its sandboxing. @ https://static.zohocdn.com/micsinproduct/13019727/inproductsdk.js:493
[    3273ms] [ERROR] Failed to load resource: the server responded with a status of 404 () @ https://creatorapp.zoho.com/zohocreator/app/common/images/noise.png:0
[    4012ms] [ERROR] Failed to load resource: the server responded with a status of 404 () @ https://creatorapp.zoho.com/zohocreator/app/common/images/noise.png:0
[   14415ms] [ERROR] Failed to load resource: the server responded with a status of 404 () @ https://creatorapp.zoho.com/zohocreator/app/common/images/noise.png:0
[   65853ms] [LOG] %cSTOP! color:red;font-size:xx-large;font-weight:bold; @ https://static.zohocdn.com/creator/zcs1/js/security.f0965e5f3f23e42845574992265b316c.js:0
[   65853ms] [LOG] %cThis is a browser feature intended for developers. Do not enter or paste code which you don't understand. It may allow attackers to steal your information or impersonate you.
See https://en.wikipedia.org/wiki/Self-XSS for more details font-size:large; @ https://static.zohocdn.com/creator/zcs1/js/security.f0965e5f3f23e42845574992265b316c.js:0
[   65898ms] [LOG] Cookie changed :: @ https://static.zohocdn.com/creator/appbuilder/js/es6/creator.619501a1e93b2f29d83c982cd48d9cb3.js:485
[   65900ms] [LOG] Cookie changed :: @ https://static.zohocdn.com/creator/appbuilder/js/es6/creator.619501a1e93b2f29d83c982cd48d9cb3.js:485
[   65947ms] [LOG] Cookie changed :: @ https://static.zohocdn.com/creator/appbuilder/js/es6/creator.619501a1e93b2f29d83c982cd48d9cb3.js:485
[   65953ms] [WARNING] An iframe which has both allow-scripts and allow-same-origin for its sandbox attribute can escape its sandboxing. @ https://static.zohocdn.com/micsinproduct/13019727/inproductsdk.js:493
[   67543ms] [LOG] %cSTOP! color:red;font-size:xx-large;font-weight:bold; @ https://static.zohocdn.com/creator/appbuilder/js/waf-security.min.ec8e405310044074db71b3b71a0b195e.js:95
[   67543ms] [LOG] %cThis is a browser feature intended for developers. Do not enter or paste code which you don't understand. It may allow attackers to steal your information or impersonate you.
See https://en.wikipedia.org/wiki/Self-XSS for more details font-size:large; @ https://static.zohocdn.com/creator/appbuilder/js/waf-security.min.ec8e405310044074db71b3b71a0b195e.js:96
[   67546ms] [LOG] %cSTOP! color:red;font-size:xx-large;font-weight:bold; @ https://static.zohocdn.com/creator/zcs1/js/security.f0965e5f3f23e42845574992265b316c.js:0
[   67546ms] [LOG] %cThis is a browser feature intended for developers. Do not enter or paste code which you don't understand. It may allow attackers to steal your information or impersonate you.
See https://en.wikipedia.org/wiki/Self-XSS for more details font-size:large; @ https://static.zohocdn.com/creator/zcs1/js/security.f0965e5f3f23e42845574992265b316c.js:0
[   67569ms] [ERROR] Error: <svg> attribute viewBox: Expected number, "0 0 100% 100%". @ https://creator.zoho.com/preview/achyutmenont0_zohotest/continental-group/?frameorigin=https://creator.zoho.com&isInitBuilder=true#Page:Dashboard:6721
[   67570ms] [ERROR] Error: <svg> attribute viewBox: Expected number, "0 0 100% 100%". @ https://creator.zoho.com/preview/achyutmenont0_zohotest/continental-group/?frameorigin=https://creator.zoho.com&isInitBuilder=true#Page:Dashboard:6792
[   67903ms] [ERROR] Failed to load resource: the server responded with a status of 404 () @ https://creator.zoho.com/preview/zohocreator/app/common/images/noise.png:0
[   68134ms] [LOG] Parent fing Loaded @ https://static.zohocdn.com/phonebridge/javascript/phonebridge.adde7b3b7c787f15206ae7e4adf6e4a9.js:0
[   68587ms] [ERROR] Failed to load resource: the server responded with a status of 404 () @ https://creator.zoho.com/preview/zohocreator/app/common/images/noise.png:0
[   73184ms] [LOG] Cookie changed :: @ https://static.zohocdn.com/creator/appbuilder/js/es6/creator.619501a1e93b2f29d83c982cd48d9cb3.js:485
[   85318ms] [LOG] Cookie changed :: @ https://static.zohocdn.com/creator/appbuilder/js/es6/creator.619501a1e93b2f29d83c982cd48d9cb3.js:485
[   86463ms] [LOG] Cookie changed :: @ https://static.zohocdn.com/creator/appbuilder/js/es6/creator.619501a1e93b2f29d83c982cd48d9cb3.js:485
[   86496ms] [LOG] Cookie changed :: @ https://static.zohocdn.com/creator/appbuilder/js/es6/creator.619501a1e93b2f29d83c982cd48d9cb3.js:485
[   86889ms] [ERROR] Access to font at 'https://static.zohocdn.com/creator/zcs1/fonts/zohopuvi/ZohoPuvi-Regular.woff2' from origin 'https://creator.zoho.com' has been blocked by CORS policy: No 'Access-Control-Allow-Origin' header is present on the requested resource. @ https://creator.zoho.com/appbuilder/achyutmenont0_zohotest/continental-group/pagebuilder/Dashboard/edit:0
[   86889ms] [ERROR] Failed to load resource: net::ERR_FAILED @ https://static.zohocdn.com/creator/zcs1/fonts/zohopuvi/ZohoPuvi-Regular.woff2:0
[   87018ms] [LOG] Cookie changed :: @ https://static.zohocdn.com/creator/appbuilder/js/es6/creator.619501a1e93b2f29d83c982cd48d9cb3.js:485
[   87019ms] [LOG] Cookie changed :: @ https://static.zohocdn.com/creator/appbuilder/js/es6/creator.619501a1e93b2f29d83c982cd48d9cb3.js:485
[   87020ms] [LOG] Cookie changed :: @ https://static.zohocdn.com/creator/appbuilder/js/es6/creator.619501a1e93b2f29d83c982cd48d9cb3.js:485
[   87020ms] [LOG] Cookie changed :: @ https://static.zohocdn.com/creator/appbuilder/js/es6/creator.619501a1e93b2f29d83c982cd48d9cb3.js:485
[   87321ms] [ERROR] Access to font at 'https://static.zohocdn.com/creator/zcs1/fonts/zohopuvi/ZohoPuvi-Regular.woff' from origin 'https://creator.zoho.com' has been blocked by CORS policy: No 'Access-Control-Allow-Origin' header is present on the requested resource. @ https://creator.zoho.com/appbuilder/achyutmenont0_zohotest/continental-group/pagebuilder/Dashboard/edit:0
[   87321ms] [ERROR] Failed to load resource: net::ERR_FAILED @ https://static.zohocdn.com/creator/zcs1/fonts/zohopuvi/ZohoPuvi-Regular.woff:0
[   87740ms] [ERROR] Access to font at 'https://static.zohocdn.com/creator/zcs1/fonts/zohopuvi/ZohoPuvi-Regular.ttf' from origin 'https://creator.zoho.com' has been blocked by CORS policy: No 'Access-Control-Allow-Origin' header is present on the requested resource. @ https://creator.zoho.com/appbuilder/achyutmenont0_zohotest/continental-group/pagebuilder/Dashboard/edit:0
[   87740ms] [ERROR] Failed to load resource: net::ERR_FAILED @ https://static.zohocdn.com/creator/zcs1/fonts/zohopuvi/ZohoPuvi-Regular.ttf:0
[  280981ms] [LOG] Content length: 0 @ :5
[  280981ms] [LOG] Has Shipment Details: false @ :6
[  351206ms] [LOG] Cookie changed :: @ https://static.zohocdn.com/creator/appbuilder/js/es6/creator.619501a1e93b2f29d83c982cd48d9cb3.js:485
[  379513ms] [LOG] Cookie changed :: @ https://static.zohocdn.com/creator/appbuilder/js/es6/creator.619501a1e93b2f29d83c982cd48d9cb3.js:485
[  379515ms] [LOG] Cookie changed :: @ https://static.zohocdn.com/creator/appbuilder/js/es6/creator.619501a1e93b2f29d83c982cd48d9cb3.js:485
[  380950ms] [LOG] Cookie changed :: @ https://static.zohocdn.com/creator/appbuilder/js/es6/creator.619501a1e93b2f29d83c982cd48d9cb3.js:485
