[    3240ms] [LOG] %cSTOP! color:red;font-size:xx-large;font-weight:bold; @ https://static.zohocdn.com/creator/zcs1/js/security.f0965e5f3f23e42845574992265b316c.js:0
[    3241ms] [LOG] %cThis is a browser feature intended for developers. Do not enter or paste code which you don't understand. It may allow attackers to steal your information or impersonate you.
See https://en.wikipedia.org/wiki/Self-XSS for more details font-size:large; @ https://static.zohocdn.com/creator/zcs1/js/security.f0965e5f3f23e42845574992265b316c.js:0
[    3428ms] [ERROR] Error: <svg> attribute viewBox: Expected number, "0 0 100% 100%". @ https://creatorapp.zoho.com/achyutmenont0_zohotest/continental-group/#Dashboard:Dashboard:6840
[    3428ms] [ERROR] Error: <svg> attribute viewBox: Expected number, "0 0 100% 100%". @ https://creatorapp.zoho.com/achyutmenont0_zohotest/continental-group/#Dashboard:Dashboard:6911
[    3793ms] [ERROR] Failed to load resource: the server responded with a status of 404 () @ https://creatorapp.zoho.com/zohocreator/app/common/images/noise.png:0
[    4477ms] [WARNING] An iframe which has both allow-scripts and allow-same-origin for its sandbox attribute can escape its sandboxing. @ https://static.zohocdn.com/micsinproduct/13019727/inproductsdk.js:493
[    4580ms] [ERROR] Failed to load resource: the server responded with a status of 404 () @ https://creatorapp.zoho.com/zohocreator/app/common/images/noise.png:0
[   16031ms] [ERROR] Failed to load resource: the server responded with a status of 404 () @ https://creatorapp.zoho.com/zohocreator/app/common/images/noise.png:0
[   22543ms] [ERROR] Failed to load resource: the server responded with a status of 404 () @ https://creatorapp.zoho.com/zohocreator/app/common/images/noise.png:0
[   23112ms] [LOG] %cSTOP! color:red;font-size:xx-large;font-weight:bold; @ https://static.zohocdn.com/creator/zcs1/js/security.f0965e5f3f23e42845574992265b316c.js:0
[   23112ms] [LOG] %cThis is a browser feature intended for developers. Do not enter or paste code which you don't understand. It may allow attackers to steal your information or impersonate you.
See https://en.wikipedia.org/wiki/Self-XSS for more details font-size:large; @ https://static.zohocdn.com/creator/zcs1/js/security.f0965e5f3f23e42845574992265b316c.js:0
[   23271ms] [LOG] Cookie changed :: @ https://static.zohocdn.com/creator/appbuilder/js/es6/creator.619501a1e93b2f29d83c982cd48d9cb3.js:485
[   23273ms] [LOG] Cookie changed :: @ https://static.zohocdn.com/creator/appbuilder/js/es6/creator.619501a1e93b2f29d83c982cd48d9cb3.js:485
[   23294ms] [WARNING] An iframe which has both allow-scripts and allow-same-origin for its sandbox attribute can escape its sandboxing. @ https://static.zohocdn.com/micsinproduct/13019727/inproductsdk.js:493
[   23334ms] [LOG] Cookie changed :: @ https://static.zohocdn.com/creator/appbuilder/js/es6/creator.619501a1e93b2f29d83c982cd48d9cb3.js:485
[   24545ms] [LOG] %cSTOP! color:red;font-size:xx-large;font-weight:bold; @ https://static.zohocdn.com/creator/appbuilder/js/waf-security.min.ec8e405310044074db71b3b71a0b195e.js:95
[   24545ms] [LOG] %cThis is a browser feature intended for developers. Do not enter or paste code which you don't understand. It may allow attackers to steal your information or impersonate you.
See https://en.wikipedia.org/wiki/Self-XSS for more details font-size:large; @ https://static.zohocdn.com/creator/appbuilder/js/waf-security.min.ec8e405310044074db71b3b71a0b195e.js:96
[   24548ms] [LOG] %cSTOP! color:red;font-size:xx-large;font-weight:bold; @ https://static.zohocdn.com/creator/zcs1/js/security.f0965e5f3f23e42845574992265b316c.js:0
[   24548ms] [LOG] %cThis is a browser feature intended for developers. Do not enter or paste code which you don't understand. It may allow attackers to steal your information or impersonate you.
See https://en.wikipedia.org/wiki/Self-XSS for more details font-size:large; @ https://static.zohocdn.com/creator/zcs1/js/security.f0965e5f3f23e42845574992265b316c.js:0
[   24762ms] [ERROR] Error: <svg> attribute viewBox: Expected number, "0 0 100% 100%". @ https://creator.zoho.com/preview/achyutmenont0_zohotest/continental-group/?frameorigin=https://creator.zoho.com&isInitBuilder=true:6721
[   24762ms] [ERROR] Error: <svg> attribute viewBox: Expected number, "0 0 100% 100%". @ https://creator.zoho.com/preview/achyutmenont0_zohotest/continental-group/?frameorigin=https://creator.zoho.com&isInitBuilder=true:6792
[   25105ms] [ERROR] Failed to load resource: the server responded with a status of 404 () @ https://creator.zoho.com/preview/zohocreator/app/common/images/noise.png:0
[   25360ms] [LOG] Parent fing Loaded @ https://static.zohocdn.com/phonebridge/javascript/phonebridge.adde7b3b7c787f15206ae7e4adf6e4a9.js:0
[   25518ms] [LOG] Cookie changed :: @ https://static.zohocdn.com/creator/appbuilder/js/es6/creator.619501a1e93b2f29d83c982cd48d9cb3.js:485
[   25743ms] [ERROR] Failed to load resource: the server responded with a status of 404 () @ https://creator.zoho.com/preview/zohocreator/app/common/images/noise.png:0
[   26609ms] [ERROR] Failed to load resource: the server responded with a status of 404 () @ https://creator.zoho.com/preview/zohocreator/app/common/images/noise.png:0
[   27591ms] [ERROR] Failed to load resource: the server responded with a status of 404 () @ https://creator.zoho.com/preview/zohocreator/app/common/images/noise.png:0
[   27983ms] [ERROR] Failed to load resource: the server responded with a status of 404 () @ https://creator.zoho.com/preview/zohocreator/app/common/images/noise.png:0
[   40405ms] [ERROR] Failed to load resource: the server responded with a status of 404 () @ https://creator.zoho.com/preview/zohocreator/app/common/images/noise.png:0
[   41951ms] [ERROR] Failed to load resource: the server responded with a status of 404 () @ https://creator.zoho.com/preview/zohocreator/app/common/images/noise.png:0
[   58863ms] [ERROR] Failed to load resource: the server responded with a status of 404 () @ https://creator.zoho.com/preview/zohocreator/app/common/images/noise.png:0
[   64503ms] [LOG] Cookie changed :: @ https://static.zohocdn.com/creator/appbuilder/js/es6/creator.619501a1e93b2f29d83c982cd48d9cb3.js:485
[   65912ms] [LOG] %cSTOP! color:red;font-size:xx-large;font-weight:bold; @ https://static.zohocdn.com/creator/zcs1/js/security.f0965e5f3f23e42845574992265b316c.js:0
[   65912ms] [LOG] %cThis is a browser feature intended for developers. Do not enter or paste code which you don't understand. It may allow attackers to steal your information or impersonate you.
See https://en.wikipedia.org/wiki/Self-XSS for more details font-size:large; @ https://static.zohocdn.com/creator/zcs1/js/security.f0965e5f3f23e42845574992265b316c.js:0
[   66130ms] [ERROR] Error: <svg> attribute viewBox: Expected number, "0 0 100% 100%". @ https://creatorapp.zoho.com/achyutmenont0_zohotest/continental-group/#Page:Dashboard:6840
[   66130ms] [ERROR] Error: <svg> attribute viewBox: Expected number, "0 0 100% 100%". @ https://creatorapp.zoho.com/achyutmenont0_zohotest/continental-group/#Page:Dashboard:6911
[   66503ms] [ERROR] Failed to load resource: the server responded with a status of 404 () @ https://creatorapp.zoho.com/zohocreator/app/common/images/noise.png:0
[   66959ms] [WARNING] An iframe which has both allow-scripts and allow-same-origin for its sandbox attribute can escape its sandboxing. @ https://static.zohocdn.com/micsinproduct/13019727/inproductsdk.js:493
[   67176ms] [ERROR] Failed to load resource: the server responded with a status of 404 () @ https://creatorapp.zoho.com/zohocreator/app/common/images/noise.png:0
[   68204ms] [ERROR] Failed to load resource: the server responded with a status of 404 () @ https://creatorapp.zoho.com/zohocreator/app/common/images/noise.png:0
[   76180ms] [ERROR] Failed to load resource: the server responded with a status of 404 () @ https://creatorapp.zoho.com/zohocreator/app/common/images/noise.png:0
[  101565ms] [LOG] %cSTOP! color:red;font-size:xx-large;font-weight:bold; @ https://static.zohocdn.com/creator/zcs1/js/security.f0965e5f3f23e42845574992265b316c.js:0
[  101565ms] [LOG] %cThis is a browser feature intended for developers. Do not enter or paste code which you don't understand. It may allow attackers to steal your information or impersonate you.
See https://en.wikipedia.org/wiki/Self-XSS for more details font-size:large; @ https://static.zohocdn.com/creator/zcs1/js/security.f0965e5f3f23e42845574992265b316c.js:0
[  101629ms] [LOG] Cookie changed :: @ https://static.zohocdn.com/creator/appbuilder/js/es6/creator.619501a1e93b2f29d83c982cd48d9cb3.js:485
[  101631ms] [LOG] Cookie changed :: @ https://static.zohocdn.com/creator/appbuilder/js/es6/creator.619501a1e93b2f29d83c982cd48d9cb3.js:485
[  101675ms] [LOG] Cookie changed :: @ https://static.zohocdn.com/creator/appbuilder/js/es6/creator.619501a1e93b2f29d83c982cd48d9cb3.js:485
[  101679ms] [WARNING] An iframe which has both allow-scripts and allow-same-origin for its sandbox attribute can escape its sandboxing. @ https://static.zohocdn.com/micsinproduct/13019727/inproductsdk.js:493
[  103195ms] [LOG] %cSTOP! color:red;font-size:xx-large;font-weight:bold; @ https://static.zohocdn.com/creator/appbuilder/js/waf-security.min.ec8e405310044074db71b3b71a0b195e.js:95
[  103195ms] [LOG] %cThis is a browser feature intended for developers. Do not enter or paste code which you don't understand. It may allow attackers to steal your information or impersonate you.
See https://en.wikipedia.org/wiki/Self-XSS for more details font-size:large; @ https://static.zohocdn.com/creator/appbuilder/js/waf-security.min.ec8e405310044074db71b3b71a0b195e.js:96
[  103198ms] [LOG] %cSTOP! color:red;font-size:xx-large;font-weight:bold; @ https://static.zohocdn.com/creator/zcs1/js/security.f0965e5f3f23e42845574992265b316c.js:0
[  103198ms] [LOG] %cThis is a browser feature intended for developers. Do not enter or paste code which you don't understand. It may allow attackers to steal your information or impersonate you.
See https://en.wikipedia.org/wiki/Self-XSS for more details font-size:large; @ https://static.zohocdn.com/creator/zcs1/js/security.f0965e5f3f23e42845574992265b316c.js:0
[  103223ms] [ERROR] Error: <svg> attribute viewBox: Expected number, "0 0 100% 100%". @ https://creator.zoho.com/preview/achyutmenont0_zohotest/continental-group/?frameorigin=https://creator.zoho.com&isInitBuilder=true#Page:Dashboard:6721
[  103223ms] [ERROR] Error: <svg> attribute viewBox: Expected number, "0 0 100% 100%". @ https://creator.zoho.com/preview/achyutmenont0_zohotest/continental-group/?frameorigin=https://creator.zoho.com&isInitBuilder=true#Page:Dashboard:6792
[  103572ms] [ERROR] Failed to load resource: the server responded with a status of 404 () @ https://creator.zoho.com/preview/zohocreator/app/common/images/noise.png:0
[  103721ms] [LOG] Parent fing Loaded @ https://static.zohocdn.com/phonebridge/javascript/phonebridge.adde7b3b7c787f15206ae7e4adf6e4a9.js:0
[  104474ms] [ERROR] Failed to load resource: the server responded with a status of 404 () @ https://creator.zoho.com/preview/zohocreator/app/common/images/noise.png:0
[  121714ms] [ERROR] Failed to load resource: the server responded with a status of 404 () @ https://creator.zoho.com/preview/zohocreator/app/common/images/noise.png:0
[  143300ms] [LOG] Cookie changed :: @ https://static.zohocdn.com/creator/appbuilder/js/es6/creator.619501a1e93b2f29d83c982cd48d9cb3.js:485
[  161621ms] [ERROR] Failed to load resource: the server responded with a status of 404 () @ https://creator.zoho.com/preview/zohocreator/app/common/images/noise.png:0
[  163459ms] [ERROR] Failed to load resource: the server responded with a status of 404 () @ https://creator.zoho.com/preview/zohocreator/app/common/images/noise.png:0
[  163876ms] [ERROR] Failed to load resource: the server responded with a status of 404 () @ https://creator.zoho.com/preview/zohocreator/app/common/images/noise.png:0
[  170631ms] [LOG] Cookie changed :: @ https://static.zohocdn.com/creator/appbuilder/js/es6/creator.619501a1e93b2f29d83c982cd48d9cb3.js:485
[  171836ms] [LOG] Cookie changed :: @ https://static.zohocdn.com/creator/appbuilder/js/es6/creator.619501a1e93b2f29d83c982cd48d9cb3.js:485
[  171896ms] [LOG] Cookie changed :: @ https://static.zohocdn.com/creator/appbuilder/js/es6/creator.619501a1e93b2f29d83c982cd48d9cb3.js:485
[  172028ms] [ERROR] Access to font at 'https://static.zohocdn.com/creator/zcs1/fonts/zohopuvi/ZohoPuvi-Regular.woff2' from origin 'https://creator.zoho.com' has been blocked by CORS policy: No 'Access-Control-Allow-Origin' header is present on the requested resource. @ https://creator.zoho.com/appbuilder/achyutmenont0_zohotest/continental-group/pagebuilder/Dashboard/edit:0
[  172028ms] [ERROR] Failed to load resource: net::ERR_FAILED @ https://static.zohocdn.com/creator/zcs1/fonts/zohopuvi/ZohoPuvi-Regular.woff2:0
[  172062ms] [ERROR] Access to font at 'https://static.zohocdn.com/creator/zcs1/fonts/zohopuvi/ZohoPuvi-Regular.woff' from origin 'https://creator.zoho.com' has been blocked by CORS policy: No 'Access-Control-Allow-Origin' header is present on the requested resource. @ https://creator.zoho.com/appbuilder/achyutmenont0_zohotest/continental-group/pagebuilder/Dashboard/edit:0
[  172062ms] [ERROR] Failed to load resource: net::ERR_FAILED @ https://static.zohocdn.com/creator/zcs1/fonts/zohopuvi/ZohoPuvi-Regular.woff:0
[  172096ms] [ERROR] Access to font at 'https://static.zohocdn.com/creator/zcs1/fonts/zohopuvi/ZohoPuvi-Regular.ttf' from origin 'https://creator.zoho.com' has been blocked by CORS policy: No 'Access-Control-Allow-Origin' header is present on the requested resource. @ https://creator.zoho.com/appbuilder/achyutmenont0_zohotest/continental-group/pagebuilder/Dashboard/edit:0
[  172096ms] [ERROR] Failed to load resource: net::ERR_FAILED @ https://static.zohocdn.com/creator/zcs1/fonts/zohopuvi/ZohoPuvi-Regular.ttf:0
[  172653ms] [LOG] Cookie changed :: @ https://static.zohocdn.com/creator/appbuilder/js/es6/creator.619501a1e93b2f29d83c982cd48d9cb3.js:485
[  172655ms] [LOG] Cookie changed :: @ https://static.zohocdn.com/creator/appbuilder/js/es6/creator.619501a1e93b2f29d83c982cd48d9cb3.js:485
[  172657ms] [LOG] Cookie changed :: @ https://static.zohocdn.com/creator/appbuilder/js/es6/creator.619501a1e93b2f29d83c982cd48d9cb3.js:485
[  172658ms] [LOG] Cookie changed :: @ https://static.zohocdn.com/creator/appbuilder/js/es6/creator.619501a1e93b2f29d83c982cd48d9cb3.js:485
[  267891ms] [ERROR] Failed to load resource: the server responded with a status of 404 () @ https://creator.zoho.com/preview/zohocreator/app/common/images/noise.png:0
[  271908ms] [ERROR] Failed to load resource: the server responded with a status of 404 () @ https://creator.zoho.com/preview/zohocreator/app/common/images/noise.png:0
[  272653ms] [ERROR] Failed to load resource: the server responded with a status of 404 () @ https://creator.zoho.com/preview/zohocreator/app/common/images/noise.png:0
[  277020ms] [ERROR] Failed to load resource: the server responded with a status of 404 () @ https://creator.zoho.com/preview/zohocreator/app/common/images/noise.png:0
[  277686ms] [LOG] Cookie changed :: @ https://static.zohocdn.com/creator/appbuilder/js/es6/creator.619501a1e93b2f29d83c982cd48d9cb3.js:485
