[    1830ms] [LOG] %cSTOP! color:red;font-size:xx-large;font-weight:bold; @ https://static.zohocdn.com/creator/zcs1/js/security.f0965e5f3f23e42845574992265b316c.js:0
[    1830ms] [LOG] %cThis is a browser feature intended for developers. Do not enter or paste code which you don't understand. It may allow attackers to steal your information or impersonate you.
See https://en.wikipedia.org/wiki/Self-XSS for more details font-size:large; @ https://static.zohocdn.com/creator/zcs1/js/security.f0965e5f3f23e42845574992265b316c.js:0
[    2042ms] [ERROR] Error: <svg> attribute viewBox: Expected number, "0 0 100% 100%". @ https://creatorapp.zoho.com/achyutmenont0_zohotest/continental-group/#Page:Dashboard:6840
[    2042ms] [ERROR] Error: <svg> attribute viewBox: Expected number, "0 0 100% 100%". @ https://creatorapp.zoho.com/achyutmenont0_zohotest/continental-group/#Page:Dashboard:6911
[    2396ms] [ERROR] Failed to load resource: the server responded with a status of 404 () @ https://creatorapp.zoho.com/zohocreator/app/common/images/noise.png:0
[    2979ms] [WARNING] An iframe which has both allow-scripts and allow-same-origin for its sandbox attribute can escape its sandboxing. @ https://static.zohocdn.com/micsinproduct/13019727/inproductsdk.js:493
[    3164ms] [ERROR] Failed to load resource: the server responded with a status of 404 () @ https://creatorapp.zoho.com/zohocreator/app/common/images/noise.png:0
[    3916ms] [ERROR] Failed to load resource: the server responded with a status of 404 () @ https://creatorapp.zoho.com/zohocreator/app/common/images/noise.png:0
[   16605ms] [ERROR] Failed to load resource: the server responded with a status of 404 () @ https://creatorapp.zoho.com/zohocreator/app/common/images/noise.png:0
[  172393ms] [ERROR] Access to font at 'https://static.zohocdn.com/creator/zcs1/fonts/zohopuvi/ZohoPuvi-Bold.woff2' from origin 'https://creatorapp.zoho.com' has been blocked by CORS policy: No 'Access-Control-Allow-Origin' header is present on the requested resource. @ https://creatorapp.zoho.com/achyutmenont0_zohotest/continental-group/#Page:Dashboard:0
[  172394ms] [ERROR] Failed to load resource: net::ERR_FAILED @ https://static.zohocdn.com/creator/zcs1/fonts/zohopuvi/ZohoPuvi-Bold.woff2:0
[  172394ms] [ERROR] Access to font at 'https://static.zohocdn.com/creator/zcs1/fonts/zohopuvi/ZohoPuvi-Regular.woff2' from origin 'https://creatorapp.zoho.com' has been blocked by CORS policy: No 'Access-Control-Allow-Origin' header is present on the requested resource. @ https://creatorapp.zoho.com/achyutmenont0_zohotest/continental-group/#Page:Dashboard:0
[  172394ms] [ERROR] Failed to load resource: net::ERR_FAILED @ https://static.zohocdn.com/creator/zcs1/fonts/zohopuvi/ZohoPuvi-Regular.woff2:0
[  172402ms] [ERROR] Access to font at 'https://static.zohocdn.com/creator/zcs1/fonts/zohopuvi/ZohoPuvi-Bold.woff' from origin 'https://creatorapp.zoho.com' has been blocked by CORS policy: No 'Access-Control-Allow-Origin' header is present on the requested resource. @ https://creatorapp.zoho.com/achyutmenont0_zohotest/continental-group/#Page:Dashboard:0
[  172402ms] [ERROR] Failed to load resource: net::ERR_FAILED @ https://static.zohocdn.com/creator/zcs1/fonts/zohopuvi/ZohoPuvi-Bold.woff:0
[  172402ms] [ERROR] Access to font at 'https://static.zohocdn.com/creator/zcs1/fonts/zohopuvi/ZohoPuvi-Regular.woff' from origin 'https://creatorapp.zoho.com' has been blocked by CORS policy: No 'Access-Control-Allow-Origin' header is present on the requested resource. @ https://creatorapp.zoho.com/achyutmenont0_zohotest/continental-group/#Page:Dashboard:0
[  172402ms] [ERROR] Failed to load resource: net::ERR_FAILED @ https://static.zohocdn.com/creator/zcs1/fonts/zohopuvi/ZohoPuvi-Regular.woff:0
[  172409ms] [ERROR] Access to font at 'https://static.zohocdn.com/creator/zcs1/fonts/zohopuvi/ZohoPuvi-Bold.ttf' from origin 'https://creatorapp.zoho.com' has been blocked by CORS policy: No 'Access-Control-Allow-Origin' header is present on the requested resource. @ https://creatorapp.zoho.com/achyutmenont0_zohotest/continental-group/#Page:Dashboard:0
[  172409ms] [ERROR] Failed to load resource: net::ERR_FAILED @ https://static.zohocdn.com/creator/zcs1/fonts/zohopuvi/ZohoPuvi-Bold.ttf:0
[  172409ms] [ERROR] Access to font at 'https://static.zohocdn.com/creator/zcs1/fonts/zohopuvi/ZohoPuvi-Regular.ttf' from origin 'https://creatorapp.zoho.com' has been blocked by CORS policy: No 'Access-Control-Allow-Origin' header is present on the requested resource. @ https://creatorapp.zoho.com/achyutmenont0_zohotest/continental-group/#Page:Dashboard:0
[  172409ms] [ERROR] Failed to load resource: net::ERR_FAILED @ https://static.zohocdn.com/creator/zcs1/fonts/zohopuvi/ZohoPuvi-Regular.ttf:0
[  172910ms] [ERROR] Access to font at 'https://static.zohocdn.com/creator/zcs1/fonts/zohopuvi/ZohoPuvi-Semibold.woff2' from origin 'https://creatorapp.zoho.com' has been blocked by CORS policy: No 'Access-Control-Allow-Origin' header is present on the requested resource. @ https://creatorapp.zoho.com/achyutmenont0_zohotest/continental-group/#Page:Dashboard:0
[  172910ms] [ERROR] Failed to load resource: net::ERR_FAILED @ https://static.zohocdn.com/creator/zcs1/fonts/zohopuvi/ZohoPuvi-Semibold.woff2:0
[  175579ms] [ERROR] Access to font at 'https://static.zohocdn.com/creator/zcs1/fonts/zohopuvi/ZohoPuvi-Semibold.woff' from origin 'https://creatorapp.zoho.com' has been blocked by CORS policy: No 'Access-Control-Allow-Origin' header is present on the requested resource. @ https://creatorapp.zoho.com/achyutmenont0_zohotest/continental-group/#Page:Dashboard:0
[  175580ms] [ERROR] Failed to load resource: net::ERR_FAILED @ https://static.zohocdn.com/creator/zcs1/fonts/zohopuvi/ZohoPuvi-Semibold.woff:0
[  176091ms] [ERROR] Access to font at 'https://static.zohocdn.com/creator/zcs1/fonts/zohopuvi/ZohoPuvi-Semibold.ttf' from origin 'https://creatorapp.zoho.com' has been blocked by CORS policy: No 'Access-Control-Allow-Origin' header is present on the requested resource. @ https://creatorapp.zoho.com/achyutmenont0_zohotest/continental-group/#Page:Dashboard:0
[  176091ms] [ERROR] Failed to load resource: net::ERR_FAILED @ https://static.zohocdn.com/creator/zcs1/fonts/zohopuvi/ZohoPuvi-Semibold.ttf:0
[  191878ms] [LOG] %cSTOP! color:red;font-size:xx-large;font-weight:bold; @ https://static.zohocdn.com/creator/zcs1/js/security.f0965e5f3f23e42845574992265b316c.js:0
[  191878ms] [LOG] %cThis is a browser feature intended for developers. Do not enter or paste code which you don't understand. It may allow attackers to steal your information or impersonate you.
See https://en.wikipedia.org/wiki/Self-XSS for more details font-size:large; @ https://static.zohocdn.com/creator/zcs1/js/security.f0965e5f3f23e42845574992265b316c.js:0
[  191925ms] [LOG] Cookie changed :: @ https://static.zohocdn.com/creator/appbuilder/js/es6/creator.619501a1e93b2f29d83c982cd48d9cb3.js:485
[  191926ms] [LOG] Cookie changed :: @ https://static.zohocdn.com/creator/appbuilder/js/es6/creator.619501a1e93b2f29d83c982cd48d9cb3.js:485
[  191970ms] [WARNING] An iframe which has both allow-scripts and allow-same-origin for its sandbox attribute can escape its sandboxing. @ https://static.zohocdn.com/micsinproduct/13019727/inproductsdk.js:493
[  191977ms] [LOG] Cookie changed :: @ https://static.zohocdn.com/creator/appbuilder/js/es6/creator.619501a1e93b2f29d83c982cd48d9cb3.js:485
[  193235ms] [LOG] %cSTOP! color:red;font-size:xx-large;font-weight:bold; @ https://static.zohocdn.com/creator/appbuilder/js/waf-security.min.ec8e405310044074db71b3b71a0b195e.js:95
[  193235ms] [LOG] %cThis is a browser feature intended for developers. Do not enter or paste code which you don't understand. It may allow attackers to steal your information or impersonate you.
See https://en.wikipedia.org/wiki/Self-XSS for more details font-size:large; @ https://static.zohocdn.com/creator/appbuilder/js/waf-security.min.ec8e405310044074db71b3b71a0b195e.js:96
[  193237ms] [LOG] %cSTOP! color:red;font-size:xx-large;font-weight:bold; @ https://static.zohocdn.com/creator/zcs1/js/security.f0965e5f3f23e42845574992265b316c.js:0
[  193237ms] [LOG] %cThis is a browser feature intended for developers. Do not enter or paste code which you don't understand. It may allow attackers to steal your information or impersonate you.
See https://en.wikipedia.org/wiki/Self-XSS for more details font-size:large; @ https://static.zohocdn.com/creator/zcs1/js/security.f0965e5f3f23e42845574992265b316c.js:0
[  193579ms] [ERROR] Error: <svg> attribute viewBox: Expected number, "0 0 100% 100%". @ https://creator.zoho.com/preview/achyutmenont0_zohotest/continental-group/?frameorigin=https://creator.zoho.com&isInitBuilder=true#Page:Dashboard:6721
[  193579ms] [ERROR] Error: <svg> attribute viewBox: Expected number, "0 0 100% 100%". @ https://creator.zoho.com/preview/achyutmenont0_zohotest/continental-group/?frameorigin=https://creator.zoho.com&isInitBuilder=true#Page:Dashboard:6792
[  193934ms] [ERROR] Failed to load resource: the server responded with a status of 404 () @ https://creator.zoho.com/preview/zohocreator/app/common/images/noise.png:0
[  194057ms] [LOG] Parent fing Loaded @ https://static.zohocdn.com/phonebridge/javascript/phonebridge.adde7b3b7c787f15206ae7e4adf6e4a9.js:0
[  194641ms] [ERROR] Failed to load resource: the server responded with a status of 404 () @ https://creator.zoho.com/preview/zohocreator/app/common/images/noise.png:0
[  211363ms] [LOG] Cookie changed :: @ https://static.zohocdn.com/creator/appbuilder/js/es6/creator.619501a1e93b2f29d83c982cd48d9cb3.js:485
[  235282ms] [LOG] Cookie changed :: @ https://static.zohocdn.com/creator/appbuilder/js/es6/creator.619501a1e93b2f29d83c982cd48d9cb3.js:485
[  236445ms] [LOG] Cookie changed :: @ https://static.zohocdn.com/creator/appbuilder/js/es6/creator.619501a1e93b2f29d83c982cd48d9cb3.js:485
[  236546ms] [ERROR] Access to font at 'https://static.zohocdn.com/creator/zcs1/fonts/zohopuvi/ZohoPuvi-Regular.woff2' from origin 'https://creator.zoho.com' has been blocked by CORS policy: No 'Access-Control-Allow-Origin' header is present on the requested resource. @ https://creator.zoho.com/appbuilder/achyutmenont0_zohotest/continental-group/pagebuilder/Dashboard/edit:0
[  236547ms] [ERROR] Failed to load resource: net::ERR_FAILED @ https://static.zohocdn.com/creator/zcs1/fonts/zohopuvi/ZohoPuvi-Regular.woff2:0
[  236554ms] [LOG] Cookie changed :: @ https://static.zohocdn.com/creator/appbuilder/js/es6/creator.619501a1e93b2f29d83c982cd48d9cb3.js:485
[  236564ms] [ERROR] Access to font at 'https://static.zohocdn.com/creator/zcs1/fonts/zohopuvi/ZohoPuvi-Regular.woff' from origin 'https://creator.zoho.com' has been blocked by CORS policy: No 'Access-Control-Allow-Origin' header is present on the requested resource. @ https://creator.zoho.com/appbuilder/achyutmenont0_zohotest/continental-group/pagebuilder/Dashboard/edit:0
[  236564ms] [ERROR] Failed to load resource: net::ERR_FAILED @ https://static.zohocdn.com/creator/zcs1/fonts/zohopuvi/ZohoPuvi-Regular.woff:0
[  236579ms] [ERROR] Access to font at 'https://static.zohocdn.com/creator/zcs1/fonts/zohopuvi/ZohoPuvi-Regular.ttf' from origin 'https://creator.zoho.com' has been blocked by CORS policy: No 'Access-Control-Allow-Origin' header is present on the requested resource. @ https://creator.zoho.com/appbuilder/achyutmenont0_zohotest/continental-group/pagebuilder/Dashboard/edit:0
[  236579ms] [ERROR] Failed to load resource: net::ERR_FAILED @ https://static.zohocdn.com/creator/zcs1/fonts/zohopuvi/ZohoPuvi-Regular.ttf:0
[  237277ms] [LOG] Cookie changed :: @ https://static.zohocdn.com/creator/appbuilder/js/es6/creator.619501a1e93b2f29d83c982cd48d9cb3.js:485
[  237278ms] [LOG] Cookie changed :: @ https://static.zohocdn.com/creator/appbuilder/js/es6/creator.619501a1e93b2f29d83c982cd48d9cb3.js:485
[  237280ms] [LOG] Cookie changed :: @ https://static.zohocdn.com/creator/appbuilder/js/es6/creator.619501a1e93b2f29d83c982cd48d9cb3.js:485
[  237281ms] [LOG] Cookie changed :: @ https://static.zohocdn.com/creator/appbuilder/js/es6/creator.619501a1e93b2f29d83c982cd48d9cb3.js:485
[  348228ms] [LOG] Cookie changed :: @ https://static.zohocdn.com/creator/appbuilder/js/es6/creator.619501a1e93b2f29d83c982cd48d9cb3.js:485
[  366204ms] [ERROR] Failed to load resource: the server responded with a status of 404 () @ https://creator.zoho.com/preview/zohocreator/app/common/images/noise.png:0
[  378297ms] [LOG] Cookie changed :: @ https://static.zohocdn.com/creator/appbuilder/js/es6/creator.619501a1e93b2f29d83c982cd48d9cb3.js:485
[  442016ms] [ERROR] Failed to load resource: the server responded with a status of 404 () @ https://creator.zoho.com/preview/zohocreator/app/common/images/noise.png:0
[  479250ms] [ERROR] Failed to load resource: the server responded with a status of 404 () @ https://creator.zoho.com/preview/zohocreator/app/common/images/noise.png:0
[  592951ms] [LOG] Cookie changed :: @ https://static.zohocdn.com/creator/appbuilder/js/es6/creator.619501a1e93b2f29d83c982cd48d9cb3.js:485
[  592953ms] [LOG] Cookie changed :: @ https://static.zohocdn.com/creator/appbuilder/js/es6/creator.619501a1e93b2f29d83c982cd48d9cb3.js:485
[  594853ms] [LOG] Cookie changed :: @ https://static.zohocdn.com/creator/appbuilder/js/es6/creator.619501a1e93b2f29d83c982cd48d9cb3.js:485
