[    1804ms] [LOG] %cSTOP! color:red;font-size:xx-large;font-weight:bold; @ https://static.zohocdn.com/creator/zcs1/js/security.f0965e5f3f23e42845574992265b316c.js:0
[    1804ms] [LOG] %cThis is a browser feature intended for developers. Do not enter or paste code which you don't understand. It may allow attackers to steal your information or impersonate you.
See https://en.wikipedia.org/wiki/Self-XSS for more details font-size:large; @ https://static.zohocdn.com/creator/zcs1/js/security.f0965e5f3f23e42845574992265b316c.js:0
[    2055ms] [ERROR] Error: <svg> attribute viewBox: Expected number, "0 0 100% 100%". @ https://creatorapp.zoho.com/achyutmenont0_zohotest/continental-group/#Page:Dashboard:6840
[    2055ms] [ERROR] Error: <svg> attribute viewBox: Expected number, "0 0 100% 100%". @ https://creatorapp.zoho.com/achyutmenont0_zohotest/continental-group/#Page:Dashboard:6911
[    2388ms] [ERROR] Failed to load resource: the server responded with a status of 404 () @ https://creatorapp.zoho.com/zohocreator/app/common/images/noise.png:0
[    2926ms] [WARNING] An iframe which has both allow-scripts and allow-same-origin for its sandbox attribute can escape its sandboxing. @ https://static.zohocdn.com/micsinproduct/13019727/inproductsdk.js:493
[    3133ms] [ERROR] Failed to load resource: the server responded with a status of 404 () @ https://creatorapp.zoho.com/zohocreator/app/common/images/noise.png:0
[    4997ms] [ERROR] Failed to load resource: the server responded with a status of 404 () @ https://creatorapp.zoho.com/zohocreator/app/common/images/noise.png:0
[   33671ms] [ERROR] Failed to load resource: the server responded with a status of 404 () @ https://creatorapp.zoho.com/zohocreator/app/common/images/noise.png:0
[  164457ms] [LOG] %cSTOP! color:red;font-size:xx-large;font-weight:bold; @ https://static.zohocdn.com/creator/zcs1/js/security.f0965e5f3f23e42845574992265b316c.js:0
[  164457ms] [LOG] %cThis is a browser feature intended for developers. Do not enter or paste code which you don't understand. It may allow attackers to steal your information or impersonate you.
See https://en.wikipedia.org/wiki/Self-XSS for more details font-size:large; @ https://static.zohocdn.com/creator/zcs1/js/security.f0965e5f3f23e42845574992265b316c.js:0
[  164508ms] [LOG] Cookie changed :: @ https://static.zohocdn.com/creator/appbuilder/js/es6/creator.619501a1e93b2f29d83c982cd48d9cb3.js:485
[  164510ms] [LOG] Cookie changed :: @ https://static.zohocdn.com/creator/appbuilder/js/es6/creator.619501a1e93b2f29d83c982cd48d9cb3.js:485
[  164552ms] [LOG] Cookie changed :: @ https://static.zohocdn.com/creator/appbuilder/js/es6/creator.619501a1e93b2f29d83c982cd48d9cb3.js:485
[  164559ms] [WARNING] An iframe which has both allow-scripts and allow-same-origin for its sandbox attribute can escape its sandboxing. @ https://static.zohocdn.com/micsinproduct/13019727/inproductsdk.js:493
[  166128ms] [LOG] %cSTOP! color:red;font-size:xx-large;font-weight:bold; @ https://static.zohocdn.com/creator/appbuilder/js/waf-security.min.ec8e405310044074db71b3b71a0b195e.js:95
[  166128ms] [LOG] %cThis is a browser feature intended for developers. Do not enter or paste code which you don't understand. It may allow attackers to steal your information or impersonate you.
See https://en.wikipedia.org/wiki/Self-XSS for more details font-size:large; @ https://static.zohocdn.com/creator/appbuilder/js/waf-security.min.ec8e405310044074db71b3b71a0b195e.js:96
[  166131ms] [LOG] %cSTOP! color:red;font-size:xx-large;font-weight:bold; @ https://static.zohocdn.com/creator/zcs1/js/security.f0965e5f3f23e42845574992265b316c.js:0
[  166131ms] [LOG] %cThis is a browser feature intended for developers. Do not enter or paste code which you don't understand. It may allow attackers to steal your information or impersonate you.
See https://en.wikipedia.org/wiki/Self-XSS for more details font-size:large; @ https://static.zohocdn.com/creator/zcs1/js/security.f0965e5f3f23e42845574992265b316c.js:0
[  166156ms] [ERROR] Error: <svg> attribute viewBox: Expected number, "0 0 100% 100%". @ https://creator.zoho.com/preview/achyutmenont0_zohotest/continental-group/?frameorigin=https://creator.zoho.com&isInitBuilder=true#Page:Dashboard:6721
[  166156ms] [ERROR] Error: <svg> attribute viewBox: Expected number, "0 0 100% 100%". @ https://creator.zoho.com/preview/achyutmenont0_zohotest/continental-group/?frameorigin=https://creator.zoho.com&isInitBuilder=true#Page:Dashboard:6792
[  166495ms] [ERROR] Failed to load resource: the server responded with a status of 404 () @ https://creator.zoho.com/preview/zohocreator/app/common/images/noise.png:0
[  166667ms] [LOG] Parent fing Loaded @ https://static.zohocdn.com/phonebridge/javascript/phonebridge.adde7b3b7c787f15206ae7e4adf6e4a9.js:0
[  167173ms] [ERROR] Failed to load resource: the server responded with a status of 404 () @ https://creator.zoho.com/preview/zohocreator/app/common/images/noise.png:0
[  169347ms] [LOG] Cookie changed :: @ https://static.zohocdn.com/creator/appbuilder/js/es6/creator.619501a1e93b2f29d83c982cd48d9cb3.js:485
[  173587ms] [LOG] Cookie changed :: @ https://static.zohocdn.com/creator/appbuilder/js/es6/creator.619501a1e93b2f29d83c982cd48d9cb3.js:485
[  174700ms] [LOG] Cookie changed :: @ https://static.zohocdn.com/creator/appbuilder/js/es6/creator.619501a1e93b2f29d83c982cd48d9cb3.js:485
[  174734ms] [LOG] Cookie changed :: @ https://static.zohocdn.com/creator/appbuilder/js/es6/creator.619501a1e93b2f29d83c982cd48d9cb3.js:485
[  175129ms] [ERROR] Access to font at 'https://static.zohocdn.com/creator/zcs1/fonts/zohopuvi/ZohoPuvi-Regular.woff2' from origin 'https://creator.zoho.com' has been blocked by CORS policy: No 'Access-Control-Allow-Origin' header is present on the requested resource. @ https://creator.zoho.com/appbuilder/achyutmenont0_zohotest/continental-group/pagebuilder/Dashboard/edit:0
[  175129ms] [ERROR] Failed to load resource: net::ERR_FAILED @ https://static.zohocdn.com/creator/zcs1/fonts/zohopuvi/ZohoPuvi-Regular.woff2:0
[  175227ms] [LOG] Cookie changed :: @ https://static.zohocdn.com/creator/appbuilder/js/es6/creator.619501a1e93b2f29d83c982cd48d9cb3.js:485
[  175228ms] [LOG] Cookie changed :: @ https://static.zohocdn.com/creator/appbuilder/js/es6/creator.619501a1e93b2f29d83c982cd48d9cb3.js:485
[  175229ms] [LOG] Cookie changed :: @ https://static.zohocdn.com/creator/appbuilder/js/es6/creator.619501a1e93b2f29d83c982cd48d9cb3.js:485
[  175229ms] [LOG] Cookie changed :: @ https://static.zohocdn.com/creator/appbuilder/js/es6/creator.619501a1e93b2f29d83c982cd48d9cb3.js:485
[  175548ms] [ERROR] Access to font at 'https://static.zohocdn.com/creator/zcs1/fonts/zohopuvi/ZohoPuvi-Regular.woff' from origin 'https://creator.zoho.com' has been blocked by CORS policy: No 'Access-Control-Allow-Origin' header is present on the requested resource. @ https://creator.zoho.com/appbuilder/achyutmenont0_zohotest/continental-group/pagebuilder/Dashboard/edit:0
[  175548ms] [ERROR] Failed to load resource: net::ERR_FAILED @ https://static.zohocdn.com/creator/zcs1/fonts/zohopuvi/ZohoPuvi-Regular.woff:0
[  175946ms] [ERROR] Access to font at 'https://static.zohocdn.com/creator/zcs1/fonts/zohopuvi/ZohoPuvi-Regular.ttf' from origin 'https://creator.zoho.com' has been blocked by CORS policy: No 'Access-Control-Allow-Origin' header is present on the requested resource. @ https://creator.zoho.com/appbuilder/achyutmenont0_zohotest/continental-group/pagebuilder/Dashboard/edit:0
[  175947ms] [ERROR] Failed to load resource: net::ERR_FAILED @ https://static.zohocdn.com/creator/zcs1/fonts/zohopuvi/ZohoPuvi-Regular.ttf:0
[  184449ms] [LOG] Cookie changed :: @ https://static.zohocdn.com/creator/appbuilder/js/es6/creator.619501a1e93b2f29d83c982cd48d9cb3.js:485
[  191992ms] [LOG] Cookie changed :: @ https://static.zohocdn.com/creator/appbuilder/js/es6/creator.619501a1e93b2f29d83c982cd48d9cb3.js:485
[  191995ms] [LOG] Cookie changed :: @ https://static.zohocdn.com/creator/appbuilder/js/es6/creator.619501a1e93b2f29d83c982cd48d9cb3.js:485
[  193432ms] [LOG] Cookie changed :: @ https://static.zohocdn.com/creator/appbuilder/js/es6/creator.619501a1e93b2f29d83c982cd48d9cb3.js:485
[  194777ms] [LOG] Cookie changed :: @ https://static.zohocdn.com/creator/appbuilder/js/es6/creator.619501a1e93b2f29d83c982cd48d9cb3.js:485
[  196581ms] [LOG] %cSTOP! color:red;font-size:xx-large;font-weight:bold; @ https://static.zohocdn.com/creator/zcs1/js/security.f0965e5f3f23e42845574992265b316c.js:0
[  196581ms] [LOG] %cThis is a browser feature intended for developers. Do not enter or paste code which you don't understand. It may allow attackers to steal your information or impersonate you.
See https://en.wikipedia.org/wiki/Self-XSS for more details font-size:large; @ https://static.zohocdn.com/creator/zcs1/js/security.f0965e5f3f23e42845574992265b316c.js:0
[  196810ms] [ERROR] Error: <svg> attribute viewBox: Expected number, "0 0 100% 100%". @ https://creatorapp.zoho.com/achyutmenont0_zohotest/continental-group/#Page:Dashboard:6840
[  196810ms] [ERROR] Error: <svg> attribute viewBox: Expected number, "0 0 100% 100%". @ https://creatorapp.zoho.com/achyutmenont0_zohotest/continental-group/#Page:Dashboard:6911
[  197140ms] [ERROR] Failed to load resource: the server responded with a status of 404 () @ https://creatorapp.zoho.com/zohocreator/app/common/images/noise.png:0
[  197606ms] [WARNING] An iframe which has both allow-scripts and allow-same-origin for its sandbox attribute can escape its sandboxing. @ https://static.zohocdn.com/micsinproduct/13019727/inproductsdk.js:493
[  197787ms] [ERROR] Failed to load resource: the server responded with a status of 404 () @ https://creatorapp.zoho.com/zohocreator/app/common/images/noise.png:0
[  198403ms] [ERROR] Failed to load resource: the server responded with a status of 404 () @ https://creatorapp.zoho.com/zohocreator/app/common/images/noise.png:0
[  285287ms] [ERROR] Failed to load resource: the server responded with a status of 404 () @ https://creatorapp.zoho.com/zohocreator/app/common/images/noise.png:0
[  366625ms] [ERROR] Failed to load resource: the server responded with a status of 404 () @ https://creatorapp.zoho.com/zohocreator/app/common/images/noise.png:0
[  471164ms] [LOG] %cSTOP! color:red;font-size:xx-large;font-weight:bold; @ https://static.zohocdn.com/creator/zcs1/js/security.f0965e5f3f23e42845574992265b316c.js:0
[  471164ms] [LOG] %cThis is a browser feature intended for developers. Do not enter or paste code which you don't understand. It may allow attackers to steal your information or impersonate you.
See https://en.wikipedia.org/wiki/Self-XSS for more details font-size:large; @ https://static.zohocdn.com/creator/zcs1/js/security.f0965e5f3f23e42845574992265b316c.js:0
[  471222ms] [LOG] Cookie changed :: @ https://static.zohocdn.com/creator/appbuilder/js/es6/creator.619501a1e93b2f29d83c982cd48d9cb3.js:485
[  471224ms] [LOG] Cookie changed :: @ https://static.zohocdn.com/creator/appbuilder/js/es6/creator.619501a1e93b2f29d83c982cd48d9cb3.js:485
[  471265ms] [WARNING] An iframe which has both allow-scripts and allow-same-origin for its sandbox attribute can escape its sandboxing. @ https://static.zohocdn.com/micsinproduct/13019727/inproductsdk.js:493
[  471272ms] [LOG] Cookie changed :: @ https://static.zohocdn.com/creator/appbuilder/js/es6/creator.619501a1e93b2f29d83c982cd48d9cb3.js:485
[  472865ms] [LOG] %cSTOP! color:red;font-size:xx-large;font-weight:bold; @ https://static.zohocdn.com/creator/appbuilder/js/waf-security.min.ec8e405310044074db71b3b71a0b195e.js:95
[  472865ms] [LOG] %cThis is a browser feature intended for developers. Do not enter or paste code which you don't understand. It may allow attackers to steal your information or impersonate you.
See https://en.wikipedia.org/wiki/Self-XSS for more details font-size:large; @ https://static.zohocdn.com/creator/appbuilder/js/waf-security.min.ec8e405310044074db71b3b71a0b195e.js:96
[  472867ms] [LOG] %cSTOP! color:red;font-size:xx-large;font-weight:bold; @ https://static.zohocdn.com/creator/zcs1/js/security.f0965e5f3f23e42845574992265b316c.js:0
[  472867ms] [LOG] %cThis is a browser feature intended for developers. Do not enter or paste code which you don't understand. It may allow attackers to steal your information or impersonate you.
See https://en.wikipedia.org/wiki/Self-XSS for more details font-size:large; @ https://static.zohocdn.com/creator/zcs1/js/security.f0965e5f3f23e42845574992265b316c.js:0
[  473295ms] [ERROR] Error: <svg> attribute viewBox: Expected number, "0 0 100% 100%". @ https://creator.zoho.com/preview/achyutmenont0_zohotest/continental-group/?frameorigin=https://creator.zoho.com&isInitBuilder=true#Page:Dashboard:6721
[  473296ms] [ERROR] Error: <svg> attribute viewBox: Expected number, "0 0 100% 100%". @ https://creator.zoho.com/preview/achyutmenont0_zohotest/continental-group/?frameorigin=https://creator.zoho.com&isInitBuilder=true#Page:Dashboard:6792
[  473615ms] [ERROR] Failed to load resource: the server responded with a status of 404 () @ https://creator.zoho.com/preview/zohocreator/app/common/images/noise.png:0
[  474077ms] [LOG] Parent fing Loaded @ https://static.zohocdn.com/phonebridge/javascript/phonebridge.adde7b3b7c787f15206ae7e4adf6e4a9.js:0
[  474292ms] [ERROR] Failed to load resource: the server responded with a status of 404 () @ https://creator.zoho.com/preview/zohocreator/app/common/images/noise.png:0
[  528073ms] [LOG] Cookie changed :: @ https://static.zohocdn.com/creator/appbuilder/js/es6/creator.619501a1e93b2f29d83c982cd48d9cb3.js:485
[  604719ms] [LOG] Cookie changed :: @ https://static.zohocdn.com/creator/appbuilder/js/es6/creator.619501a1e93b2f29d83c982cd48d9cb3.js:485
[  605983ms] [LOG] Cookie changed :: @ https://static.zohocdn.com/creator/appbuilder/js/es6/creator.619501a1e93b2f29d83c982cd48d9cb3.js:485
[  606083ms] [LOG] Cookie changed :: @ https://static.zohocdn.com/creator/appbuilder/js/es6/creator.619501a1e93b2f29d83c982cd48d9cb3.js:485
[  606919ms] [ERROR] Access to font at 'https://static.zohocdn.com/creator/zcs1/fonts/zohopuvi/ZohoPuvi-Regular.woff2' from origin 'https://creator.zoho.com' has been blocked by CORS policy: No 'Access-Control-Allow-Origin' header is present on the requested resource. @ https://creator.zoho.com/appbuilder/achyutmenont0_zohotest/continental-group/pagebuilder/Dashboard/edit:0
[  606920ms] [ERROR] Failed to load resource: net::ERR_FAILED @ https://static.zohocdn.com/creator/zcs1/fonts/zohopuvi/ZohoPuvi-Regular.woff2:0
[  606937ms] [LOG] Cookie changed :: @ https://static.zohocdn.com/creator/appbuilder/js/es6/creator.619501a1e93b2f29d83c982cd48d9cb3.js:485
[  606939ms] [LOG] Cookie changed :: @ https://static.zohocdn.com/creator/appbuilder/js/es6/creator.619501a1e93b2f29d83c982cd48d9cb3.js:485
[  606940ms] [LOG] Cookie changed :: @ https://static.zohocdn.com/creator/appbuilder/js/es6/creator.619501a1e93b2f29d83c982cd48d9cb3.js:485
[  606942ms] [LOG] Cookie changed :: @ https://static.zohocdn.com/creator/appbuilder/js/es6/creator.619501a1e93b2f29d83c982cd48d9cb3.js:485
[  607439ms] [ERROR] Access to font at 'https://static.zohocdn.com/creator/zcs1/fonts/zohopuvi/ZohoPuvi-Regular.woff' from origin 'https://creator.zoho.com' has been blocked by CORS policy: No 'Access-Control-Allow-Origin' header is present on the requested resource. @ https://creator.zoho.com/appbuilder/achyutmenont0_zohotest/continental-group/pagebuilder/Dashboard/edit:0
[  607439ms] [ERROR] Failed to load resource: net::ERR_FAILED @ https://static.zohocdn.com/creator/zcs1/fonts/zohopuvi/ZohoPuvi-Regular.woff:0
[  607932ms] [ERROR] Access to font at 'https://static.zohocdn.com/creator/zcs1/fonts/zohopuvi/ZohoPuvi-Regular.ttf' from origin 'https://creator.zoho.com' has been blocked by CORS policy: No 'Access-Control-Allow-Origin' header is present on the requested resource. @ https://creator.zoho.com/appbuilder/achyutmenont0_zohotest/continental-group/pagebuilder/Dashboard/edit:0
[  607932ms] [ERROR] Failed to load resource: net::ERR_FAILED @ https://static.zohocdn.com/creator/zcs1/fonts/zohopuvi/ZohoPuvi-Regular.ttf:0
[  748468ms] [LOG] Cookie changed :: @ https://static.zohocdn.com/creator/appbuilder/js/es6/creator.619501a1e93b2f29d83c982cd48d9cb3.js:485
[  847117ms] [LOG] Cookie changed :: @ https://static.zohocdn.com/creator/appbuilder/js/es6/creator.619501a1e93b2f29d83c982cd48d9cb3.js:485
[  848906ms] [LOG] Cookie changed :: @ https://static.zohocdn.com/creator/appbuilder/js/es6/creator.619501a1e93b2f29d83c982cd48d9cb3.js:485
[  849669ms] [LOG] Cookie changed :: @ https://static.zohocdn.com/creator/appbuilder/js/es6/creator.619501a1e93b2f29d83c982cd48d9cb3.js:485
[  849671ms] [LOG] Cookie changed :: @ https://static.zohocdn.com/creator/appbuilder/js/es6/creator.619501a1e93b2f29d83c982cd48d9cb3.js:485
[  849673ms] [LOG] Cookie changed :: @ https://static.zohocdn.com/creator/appbuilder/js/es6/creator.619501a1e93b2f29d83c982cd48d9cb3.js:485
[  849675ms] [LOG] Cookie changed :: @ https://static.zohocdn.com/creator/appbuilder/js/es6/creator.619501a1e93b2f29d83c982cd48d9cb3.js:485
[ 1209222ms] [ERROR] Failed to load resource: net::ERR_NETWORK_CHANGED @ https://creator.zoho.com/preview/zohocreator/app/common/images/noise.png:0
[ 1209381ms] [ERROR] Failed to load resource: net::ERR_INTERNET_DISCONNECTED @ https://static.zohocdn.com/ichat/images/a29a4f41_spacer.gif?nocache=1775287471946:0
[ 1219276ms] [ERROR] WebSocket connection to 'wss://us4-wms5.zoho.com/pconnect?prd=CE&i=NENQ0U6NDUwNDU4NzEzNjc4NTUxMTgxMTo4NTk3OTgxMzc6MTU6LTE%253D&xa=AAAAAAIBAAAALOqgQstAJTyaXtAeN293SPEkhh8qmlWftYsA5%2FY%2FA41vz7BFuY3fUCHgp3iHAAABFmhXAmeJLnZPfiOF6NGjpAEC8SCn1A%2F0rkfKUZV14OZ2%2BNIh7g6hgGzD77Er%2BvEBBiw4pmcGV2FhV9f%2B1DyO2ojLK3ALE%2BaZMS1Soq%2B2l0VEJh2xRZEN5Ap7QvHGbIR2U1aaBUkfe20uA0331xpiUN8PAEZNSu0YsKsGtv2MOUbl7%2FN8fTzq42pMW%2F%2B85gqCwKr5XuVjunamWWv1IlP1%2Bc6X8XR3s28JxO3AN0v9cHXpKAtymYo8ZG2btUSCgX%2BTDmcA1egssawCtnSnXu7mYD1EbM6rEYk4f%2BwQTXMszBUu9a...pg%2BAAABBgAAAAA%3D&useagent=true&publickey=MIIBIjANBgkqhkiG9w0BAQEFAAOCAQ8AMIIBCgKCAQEA0nN1WPhuHnpCdIpKwRA5Siar6tLG8i1%2Bmaiiawo8ONAI7xJMzetfqL67taGxb6ZpooNlQ%2BcxGm8aTlYpqFODRQUkRad7fvRO%2BqFVQ53v%2FEECinZ6MFTyjqo%2BMrdhkccZx%2FJhrmw%2FwaDc2DLgbo7gpv6%2BrhSOzttTUx7fZqf9qqPtQPvuRq%2BkZcpES2mwnk5eRGeoW0unleOjl3FozY4verOPN1T8ORz1CiDudOGhemwW2Ut9Aa7paipeqF6j64qaLGlShrXsIZxsyRbnynFW8WxZNBwHOfvMQzsMrw1YQK2qe5cQF0SXP392Y4uuE1FZqPAPnk5%2FUOxucLE0YKjITQIDAQAB&page_visible=true&tid=859798137_CE_1775286733879_5372' failed: Error in connection establishment: net::ERR_INTERNET_DISCONNECTED @ https://us4-wms5.zoho.com/v2/wmsconnector.html?tabid=859798137_CE_1775286733879_5372&wmsid=859798137&nocache=1775286735171&frameorigin=https%3A%2F%2Fcreator.zoho.com:10
[ 1219284ms] [ERROR] Failed to load resource: net::ERR_INTERNET_DISCONNECTED @ https://static.zohocdn.com/ichat/images/a29a4f41_spacer.gif?nocache=1775287481898:0
[ 1221420ms] [ERROR] Failed to load resource: net::ERR_INTERNET_DISCONNECTED @ https://creator.zoho.com/preview/zohocreator/app/common/images/noise.png:0
[ 1221576ms] [ERROR] Failed to load resource: net::ERR_INTERNET_DISCONNECTED @ https://creator.zoho.com/preview/zohocreator/app/common/images/noise.png:0
[ 1233305ms] [ERROR] WebSocket connection to 'wss://us4-wms5.zoho.com/pconnect?prd=CE&i=NENQ0U6NDUwNDU4NzEzNjc4NTUxMTgxMTo4NTk3OTgxMzc6MTU6LTE%253D&xa=AAAAAAIBAAAALOqgQstAJTyaXtAeN293SPEkhh8qmlWftYsA5%2FY%2FA41vz7BFuY3fUCHgp3iHAAABFmhXAmeJLnZPfiOF6NGjpAEC8SCn1A%2F0rkfKUZV14OZ2%2BNIh7g6hgGzD77Er%2BvEBBiw4pmcGV2FhV9f%2B1DyO2ojLK3ALE%2BaZMS1Soq%2B2l0VEJh2xRZEN5Ap7QvHGbIR2U1aaBUkfe20uA0331xpiUN8PAEZNSu0YsKsGtv2MOUbl7%2FN8fTzq42pMW%2F%2B85gqCwKr5XuVjunamWWv1IlP1%2Bc6X8XR3s28JxO3AN0v9cHXpKAtymYo8ZG2btUSCgX%2BTDmcA1egssawCtnSnXu7mYD1EbM6rEYk4f%2BwQTXMszBUu9a...pg%2BAAABBgAAAAA%3D&useagent=true&publickey=MIIBIjANBgkqhkiG9w0BAQEFAAOCAQ8AMIIBCgKCAQEA0nN1WPhuHnpCdIpKwRA5Siar6tLG8i1%2Bmaiiawo8ONAI7xJMzetfqL67taGxb6ZpooNlQ%2BcxGm8aTlYpqFODRQUkRad7fvRO%2BqFVQ53v%2FEECinZ6MFTyjqo%2BMrdhkccZx%2FJhrmw%2FwaDc2DLgbo7gpv6%2BrhSOzttTUx7fZqf9qqPtQPvuRq%2BkZcpES2mwnk5eRGeoW0unleOjl3FozY4verOPN1T8ORz1CiDudOGhemwW2Ut9Aa7paipeqF6j64qaLGlShrXsIZxsyRbnynFW8WxZNBwHOfvMQzsMrw1YQK2qe5cQF0SXP392Y4uuE1FZqPAPnk5%2FUOxucLE0YKjITQIDAQAB&page_visible=true&tid=859798137_CE_1775286733879_5372' failed: Error in connection establishment: net::ERR_INTERNET_DISCONNECTED @ https://us4-wms5.zoho.com/v2/wmsconnector.html?tabid=859798137_CE_1775286733879_5372&wmsid=859798137&nocache=1775286735171&frameorigin=https%3A%2F%2Fcreator.zoho.com:10
[ 1233311ms] [ERROR] Failed to load resource: net::ERR_INTERNET_DISCONNECTED @ https://static.zohocdn.com/ichat/images/a29a4f41_spacer.gif?nocache=1775287495927:0
[ 1255344ms] [ERROR] WebSocket connection to 'wss://us4-wms5.zoho.com/pconnect?prd=CE&i=NENQ0U6NDUwNDU4NzEzNjc4NTUxMTgxMTo4NTk3OTgxMzc6MTU6LTE%253D&xa=AAAAAAIBAAAALOqgQstAJTyaXtAeN293SPEkhh8qmlWftYsA5%2FY%2FA41vz7BFuY3fUCHgp3iHAAABFmhXAmeJLnZPfiOF6NGjpAEC8SCn1A%2F0rkfKUZV14OZ2%2BNIh7g6hgGzD77Er%2BvEBBiw4pmcGV2FhV9f%2B1DyO2ojLK3ALE%2BaZMS1Soq%2B2l0VEJh2xRZEN5Ap7QvHGbIR2U1aaBUkfe20uA0331xpiUN8PAEZNSu0YsKsGtv2MOUbl7%2FN8fTzq42pMW%2F%2B85gqCwKr5XuVjunamWWv1IlP1%2Bc6X8XR3s28JxO3AN0v9cHXpKAtymYo8ZG2btUSCgX%2BTDmcA1egssawCtnSnXu7mYD1EbM6rEYk4f%2BwQTXMszBUu9a...pg%2BAAABBgAAAAA%3D&useagent=true&publickey=MIIBIjANBgkqhkiG9w0BAQEFAAOCAQ8AMIIBCgKCAQEA0nN1WPhuHnpCdIpKwRA5Siar6tLG8i1%2Bmaiiawo8ONAI7xJMzetfqL67taGxb6ZpooNlQ%2BcxGm8aTlYpqFODRQUkRad7fvRO%2BqFVQ53v%2FEECinZ6MFTyjqo%2BMrdhkccZx%2FJhrmw%2FwaDc2DLgbo7gpv6%2BrhSOzttTUx7fZqf9qqPtQPvuRq%2BkZcpES2mwnk5eRGeoW0unleOjl3FozY4verOPN1T8ORz1CiDudOGhemwW2Ut9Aa7paipeqF6j64qaLGlShrXsIZxsyRbnynFW8WxZNBwHOfvMQzsMrw1YQK2qe5cQF0SXP392Y4uuE1FZqPAPnk5%2FUOxucLE0YKjITQIDAQAB&page_visible=true&tid=859798137_CE_1775286733879_5372' failed: Error in connection establishment: net::ERR_INTERNET_DISCONNECTED @ https://us4-wms5.zoho.com/v2/wmsconnector.html?tabid=859798137_CE_1775286733879_5372&wmsid=859798137&nocache=1775286735171&frameorigin=https%3A%2F%2Fcreator.zoho.com:10
[ 1255348ms] [ERROR] Failed to load resource: net::ERR_INTERNET_DISCONNECTED @ https://static.zohocdn.com/ichat/images/a29a4f41_spacer.gif?nocache=1775287517966:0
[ 1263269ms] [ERROR] WebSocket connection to 'wss://us4-wms5.zoho.com/pconnect?prd=CE&i=NENQ0U6NDUwNDU4NzEzNjc4NTUxMTgxMTo4NTk3OTgxMzc6MTU6LTE%253D&xa=AAAAAAIBAAAALOqgQstAJTyaXtAeN293SPEkhh8qmlWftYsA5%2FY%2FA41vz7BFuY3fUCHgp3iHAAABFmhXAmeJLnZPfiOF6NGjpAEC8SCn1A%2F0rkfKUZV14OZ2%2BNIh7g6hgGzD77Er%2BvEBBiw4pmcGV2FhV9f%2B1DyO2ojLK3ALE%2BaZMS1Soq%2B2l0VEJh2xRZEN5Ap7QvHGbIR2U1aaBUkfe20uA0331xpiUN8PAEZNSu0YsKsGtv2MOUbl7%2FN8fTzq42pMW%2F%2B85gqCwKr5XuVjunamWWv1IlP1%2Bc6X8XR3s28JxO3AN0v9cHXpKAtymYo8ZG2btUSCgX%2BTDmcA1egssawCtnSnXu7mYD1EbM6rEYk4f%2BwQTXMszBUu9a...pg%2BAAABBgAAAAA%3D&useagent=true&publickey=MIIBIjANBgkqhkiG9w0BAQEFAAOCAQ8AMIIBCgKCAQEA0nN1WPhuHnpCdIpKwRA5Siar6tLG8i1%2Bmaiiawo8ONAI7xJMzetfqL67taGxb6ZpooNlQ%2BcxGm8aTlYpqFODRQUkRad7fvRO%2BqFVQ53v%2FEECinZ6MFTyjqo%2BMrdhkccZx%2FJhrmw%2FwaDc2DLgbo7gpv6%2BrhSOzttTUx7fZqf9qqPtQPvuRq%2BkZcpES2mwnk5eRGeoW0unleOjl3FozY4verOPN1T8ORz1CiDudOGhemwW2Ut9Aa7paipeqF6j64qaLGlShrXsIZxsyRbnynFW8WxZNBwHOfvMQzsMrw1YQK2qe5cQF0SXP392Y4uuE1FZqPAPnk5%2FUOxucLE0YKjITQIDAQAB&page_visible=true&tid=859798137_CE_1775286733879_5372' failed: Error in connection establishment: net::ERR_NAME_NOT_RESOLVED @ https://us4-wms5.zoho.com/v2/wmsconnector.html?tabid=859798137_CE_1775286733879_5372&wmsid=859798137&nocache=1775286735171&frameorigin=https%3A%2F%2Fcreator.zoho.com:10
[ 1263319ms] [ERROR] Failed to load resource: net::ERR_NAME_NOT_RESOLVED @ https://static.zohocdn.com/ichat/images/a29a4f41_spacer.gif?nocache=1775287525891:0
[ 1266756ms] [WARNING] WebSocket connection to 'wss://us4-wms5.zoho.com/pconnect?prd=CE&i=NENQ0U6NDUwNDU4NzEzNjc4NTUxMTgxMTo4NTk3OTgxMzc6MTU6LTE%253D&xa=AAAAAAIBAAAALOqgQstAJTyaXtAeN293SPEkhh8qmlWftYsA5%2FY%2FA41vz7BFuY3fUCHgp3iHAAABFmhXAmeJLnZPfiOF6NGjpAEC8SCn1A%2F0rkfKUZV14OZ2%2BNIh7g6hgGzD77Er%2BvEBBiw4pmcGV2FhV9f%2B1DyO2ojLK3ALE%2BaZMS1Soq%2B2l0VEJh2xRZEN5Ap7QvHGbIR2U1aaBUkfe20uA0331xpiUN8PAEZNSu0YsKsGtv2MOUbl7%2FN8fTzq42pMW%2F%2B85gqCwKr5XuVjunamWWv1IlP1%2Bc6X8XR3s28JxO3AN0v9cHXpKAtymYo8ZG2btUSCgX%2BTDmcA1egssawCtnSnXu7mYD1EbM6rEYk4f%2BwQTXMszBUu9a...pg%2BAAABBgAAAAA%3D&useagent=true&publickey=MIIBIjANBgkqhkiG9w0BAQEFAAOCAQ8AMIIBCgKCAQEA0nN1WPhuHnpCdIpKwRA5Siar6tLG8i1%2Bmaiiawo8ONAI7xJMzetfqL67taGxb6ZpooNlQ%2BcxGm8aTlYpqFODRQUkRad7fvRO%2BqFVQ53v%2FEECinZ6MFTyjqo%2BMrdhkccZx%2FJhrmw%2FwaDc2DLgbo7gpv6%2BrhSOzttTUx7fZqf9qqPtQPvuRq%2BkZcpES2mwnk5eRGeoW0unleOjl3FozY4verOPN1T8ORz1CiDudOGhemwW2Ut9Aa7paipeqF6j64qaLGlShrXsIZxsyRbnynFW8WxZNBwHOfvMQzsMrw1YQK2qe5cQF0SXP392Y4uuE1FZqPAPnk5%2FUOxucLE0YKjITQIDAQAB&page_visible=true&tid=859798137_CE_1775286733879_5372' failed: WebSocket is closed before the connection is established. @ https://us4-wms5.zoho.com/v2/wmsconnector.html?tabid=859798137_CE_1775286733879_5372&wmsid=859798137&nocache=1775286735171&frameorigin=https%3A%2F%2Fcreator.zoho.com:10
[ 1966348ms] [LOG] Cookie changed :: @ https://static.zohocdn.com/creator/appbuilder/js/es6/creator.619501a1e93b2f29d83c982cd48d9cb3.js:485
[ 2033280ms] [LOG] Cookie changed :: @ https://static.zohocdn.com/creator/appbuilder/js/es6/creator.619501a1e93b2f29d83c982cd48d9cb3.js:485
[ 2033281ms] [LOG] Cookie changed :: @ https://static.zohocdn.com/creator/appbuilder/js/es6/creator.619501a1e93b2f29d83c982cd48d9cb3.js:485
[ 2035229ms] [LOG] Cookie changed :: @ https://static.zohocdn.com/creator/appbuilder/js/es6/creator.619501a1e93b2f29d83c982cd48d9cb3.js:485
